<idea-plugin>
    <application-components>
        <component>
            <implementation-class>liveplugin.testrunner.IntegrationTestsRunner</implementation-class>
        </component>
    </application-components>
</idea-plugin>